<?xml version="1.0" encoding="utf-8"?><testsuites name="pytest tests"><testsuite name="pytest" errors="0" failures="0" skipped="0" tests="26" time="3.442" timestamp="2026-09-02T10:31:05.118102+00:00" hostname="agent-env-16742b4e-9c7a-4f31-9143-e8e4c162a5ce"><testcase classname="tests.backend_test.TestPublicReads" name="test_health" time="0.194" /><testcase classname="tests.backend_test.TestPublicReads" name="test_menu_seeded" time="0.065" /><testcase classname="tests.backend_test.TestPublicReads" name="test_menu_category_filter" time="0.063" /><testcase classname="tests.backend_test.TestPublicReads" name="test_menu_search_filter" time="0.064" /><testcase classname="tests.backend_test.TestPublicReads" name="test_categories" time="0.064" /><testcase classname="tests.backend_test.TestPublicReads" name="test_settings" time="0.070" /><testcase classname="tests.backend_test.TestPublicReads" name="test_reviews" time="0.062" /><testcase classname="tests.backend_test.TestOrders" name="test_create_order_and_lookup" time="0.219" /><testcase classname="tests.backend_test.TestOrders" name="test_orders_requires_mobile" time="0.059" /><testcase classname="tests.backend_test.TestOrders" name="test_create_order_validation" time="0.068" /><testcase classname="tests.backend_test.TestAuthEnforcement" name="test_me_unauthenticated" time="0.062" /><testcase classname="tests.backend_test.TestAuthEnforcement" name="test_admin_endpoints_require_auth[post-/api/menu-kwargs0]" time="0.063" /><testcase classname="tests.backend_test.TestAuthEnforcement" name="test_admin_endpoints_require_auth[put-/api/menu/does-not-exist-kwargs1]" time="0.063" /><testcase classname="tests.backend_test.TestAuthEnforcement" name="test_admin_endpoints_require_auth[delete-/api/menu/does-not-exist-kwargs2]" time="0.060" /><testcase classname="tests.backend_test.TestAuthEnforcement" name="test_admin_endpoints_require_auth[get-/api/orders?admin=true-kwargs3]" time="0.065" /><testcase classname="tests.backend_test.TestAuthEnforcement" name="test_admin_endpoints_require_auth[put-/api/orders/xyz/status-kwargs4]" time="0.067" /><testcase classname="tests.backend_test.TestAuthEnforcement" name="test_admin_endpoints_require_auth[put-/api/settings-kwargs5]" time="0.060" /><testcase classname="tests.backend_test.TestAuthEnforcement" name="test_admin_endpoints_require_auth[delete-/api/reviews/xyz-kwargs6]" time="0.063" /><testcase classname="tests.backend_test.TestAuthEnforcement" name="test_admin_endpoints_require_auth[post-/api/upload-kwargs7]" time="0.063" /><testcase classname="tests.backend_test.TestAuthEnforcement" name="test_invalid_token_rejected" time="0.063" /><testcase classname="tests.backend_test.TestAdminFlows" name="test_auth_me" time="0.204" /><testcase classname="tests.backend_test.TestAdminFlows" name="test_menu_crud" time="0.499" /><testcase classname="tests.backend_test.TestAdminFlows" name="test_upload_image" time="0.057" /><testcase classname="tests.backend_test.TestAdminFlows" name="test_admin_orders_and_status_update" time="0.378" /><testcase classname="tests.backend_test.TestAdminFlows" name="test_settings_update" time="0.322" /><testcase classname="tests.backend_test.TestAdminFlows" name="test_review_create_and_delete" time="0.260" /></testsuite></testsuites>