<?xml version="1.0" encoding="utf-8"?><testsuites name="pytest tests"><testsuite name="pytest" errors="0" failures="0" skipped="0" tests="46" time="6.290" timestamp="2026-09-02T11:12:53.237674+00:00" hostname="agent-env-16742b4e-9c7a-4f31-9143-e8e4c162a5ce"><testcase classname="tests.backend_test.TestPublicReads" name="test_health" time="0.808" /><testcase classname="tests.backend_test.TestPublicReads" name="test_menu_seeded" time="0.066" /><testcase classname="tests.backend_test.TestPublicReads" name="test_menu_category_filter" time="0.059" /><testcase classname="tests.backend_test.TestPublicReads" name="test_menu_search_filter" time="0.058" /><testcase classname="tests.backend_test.TestPublicReads" name="test_categories" time="0.060" /><testcase classname="tests.backend_test.TestPublicReads" name="test_settings" time="0.066" /><testcase classname="tests.backend_test.TestPublicReads" name="test_reviews" time="0.061" /><testcase classname="tests.backend_test.TestOrders" name="test_create_order_and_lookup" time="0.180" /><testcase classname="tests.backend_test.TestOrders" name="test_orders_requires_mobile" time="0.058" /><testcase classname="tests.backend_test.TestOrders" name="test_create_order_validation" time="0.058" /><testcase classname="tests.backend_test.TestAuthEnforcement" name="test_me_unauthenticated" time="0.057" /><testcase classname="tests.backend_test.TestAuthEnforcement" name="test_admin_endpoints_require_auth[post-/api/menu-kwargs0]" time="0.057" /><testcase classname="tests.backend_test.TestAuthEnforcement" name="test_admin_endpoints_require_auth[put-/api/menu/does-not-exist-kwargs1]" time="0.058" /><testcase classname="tests.backend_test.TestAuthEnforcement" name="test_admin_endpoints_require_auth[delete-/api/menu/does-not-exist-kwargs2]" time="0.056" /><testcase classname="tests.backend_test.TestAuthEnforcement" name="test_admin_endpoints_require_auth[get-/api/orders?admin=true-kwargs3]" time="0.057" /><testcase classname="tests.backend_test.TestAuthEnforcement" name="test_admin_endpoints_require_auth[put-/api/orders/xyz/status-kwargs4]" time="0.060" /><testcase classname="tests.backend_test.TestAuthEnforcement" name="test_admin_endpoints_require_auth[put-/api/settings-kwargs5]" time="0.055" /><testcase classname="tests.backend_test.TestAuthEnforcement" name="test_admin_endpoints_require_auth[delete-/api/reviews/xyz-kwargs6]" time="0.057" /><testcase classname="tests.backend_test.TestAuthEnforcement" name="test_admin_endpoints_require_auth[post-/api/upload-kwargs7]" time="0.059" /><testcase classname="tests.backend_test.TestAuthEnforcement" name="test_invalid_token_rejected" time="0.057" /><testcase classname="tests.backend_test.TestAdminFlows" name="test_auth_me" time="0.180" /><testcase classname="tests.backend_test.TestAdminFlows" name="test_menu_crud" time="0.499" /><testcase classname="tests.backend_test.TestAdminFlows" name="test_upload_image" time="0.062" /><testcase classname="tests.backend_test.TestAdminFlows" name="test_admin_orders_and_status_update" time="0.381" /><testcase classname="tests.backend_test.TestAdminFlows" name="test_settings_update" time="0.305" /><testcase classname="tests.backend_test.TestAdminFlows" name="test_review_create_and_delete" time="0.235" /><testcase classname="tests.backend_test.TestOffers" name="test_public_offers_active_only" time="0.058" /><testcase classname="tests.backend_test.TestOffers" name="test_offers_all_requires_admin" time="0.056" /><testcase classname="tests.backend_test.TestOffers" name="test_offers_all_as_admin" time="0.140" /><testcase classname="tests.backend_test.TestOffers" name="test_offer_writes_require_admin[post-/api/offers-kwargs0]" time="0.055" /><testcase classname="tests.backend_test.TestOffers" name="test_offer_writes_require_admin[put-/api/offers/none-kwargs1]" time="0.061" /><testcase classname="tests.backend_test.TestOffers" name="test_offer_writes_require_admin[delete-/api/offers/none-kwargs2]" time="0.056" /><testcase classname="tests.backend_test.TestOffers" name="test_offer_crud_and_visibility" time="0.514" /><testcase classname="tests.backend_test.TestOffers" name="test_offer_validation" time="0.060" /><testcase classname="tests.backend_test.TestBookings" name="test_create_booking_public" time="0.072" /><testcase classname="tests.backend_test.TestBookings" name="test_booking_numbers_increment" time="0.117" /><testcase classname="tests.backend_test.TestBookings" name="test_all_booking_types_accepted[Table Reservation]" time="0.058" /><testcase classname="tests.backend_test.TestBookings" name="test_all_booking_types_accepted[Birthday Party]" time="0.060" /><testcase classname="tests.backend_test.TestBookings" name="test_all_booking_types_accepted[Anniversary Party]" time="0.070" /><testcase classname="tests.backend_test.TestBookings" name="test_all_booking_types_accepted[Kitty Party]" time="0.057" /><testcase classname="tests.backend_test.TestBookings" name="test_all_booking_types_accepted[Get Together]" time="0.069" /><testcase classname="tests.backend_test.TestBookings" name="test_invalid_booking_type_rejected" time="0.066" /><testcase classname="tests.backend_test.TestBookings" name="test_missing_required_fields" time="0.057" /><testcase classname="tests.backend_test.TestBookings" name="test_list_bookings_requires_admin" time="0.056" /><testcase classname="tests.backend_test.TestBookings" name="test_status_update_requires_admin" time="0.057" /><testcase classname="tests.backend_test.TestBookings" name="test_admin_list_and_status_flow" time="0.660" /></testsuite></testsuites>